{"C:\\Users\\Egg\\Desktop\\Coding\\orbital\\Slash-It-main\\app\\features\\bills.jsx": {"path":"C:\\Users\\Egg\\Desktop\\Coding\\orbital\\Slash-It-main\\app\\features\\bills.jsx","statementMap":{"0":{"start":{"line":12,"column":32},"end":{"line":12,"column":44}},"1":{"start":{"line":13,"column":38},"end":{"line":13,"column":50}},"2":{"start":{"line":14,"column":44},"end":{"line":14,"column":92}},"3":{"start":{"line":16,"column":21},"end":{"line":26,"column":5}},"4":{"start":{"line":18,"column":26},"end":{"line":22,"column":9}},"5":{"start":{"line":23,"column":8},"end":{"line":23,"column":29}},"6":{"start":{"line":24,"column":8},"end":{"line":24,"column":25}},"7":{"start":{"line":25,"column":8},"end":{"line":25,"column":43}},"8":{"start":{"line":28,"column":4},"end":{"line":63,"column":5}},"9":{"start":{"line":33,"column":20},"end":{"line":33,"column":52}},"10":{"start":{"line":41,"column":16},"end":{"line":43,"column":23}},"11":{"start":{"line":51,"column":40},"end":{"line":51,"column":58}},"12":{"start":{"line":66,"column":15},"end":{"line":113,"column":1}}},"fnMap":{"0":{"name":"Bills","decl":{"start":{"line":10,"column":24},"end":{"line":10,"column":29}},"loc":{"start":{"line":10,"column":44},"end":{"line":64,"column":1}},"line":10},"1":{"name":"(anonymous_1)","decl":{"start":{"line":16,"column":21},"end":{"line":16,"column":22}},"loc":{"start":{"line":16,"column":27},"end":{"line":26,"column":5}},"line":16},"2":{"name":"(anonymous_2)","decl":{"start":{"line":32,"column":28},"end":{"line":32,"column":29}},"loc":{"start":{"line":32,"column":35},"end":{"line":34,"column":17}},"line":32},"3":{"name":"(anonymous_3)","decl":{"start":{"line":40,"column":39},"end":{"line":40,"column":40}},"loc":{"start":{"line":41,"column":16},"end":{"line":43,"column":23}},"line":41},"4":{"name":"(anonymous_4)","decl":{"start":{"line":51,"column":32},"end":{"line":51,"column":33}},"loc":{"start":{"line":51,"column":40},"end":{"line":51,"column":58}},"line":51}},"branchMap":{"0":{"loc":{"start":{"line":19,"column":16},"end":{"line":19,"column":42}},"type":"binary-expr","locations":[{"start":{"line":19,"column":16},"end":{"line":19,"column":36}},{"start":{"line":19,"column":40},"end":{"line":19,"column":42}}],"line":19}},"s":{"0":2,"1":2,"2":2,"3":2,"4":0,"5":0,"6":0,"7":0,"8":2,"9":0,"10":0,"11":0,"12":1},"f":{"0":2,"1":0,"2":0,"3":0,"4":0},"b":{"0":[0,0]},"_coverageSchema":"1a1c01bbd47fc00a2c39e90264f33305004495a9","hash":"f3ebddb7f1a233f44698f2df51510ce343b365dc"}
,"C:\\Users\\Egg\\Desktop\\Coding\\orbital\\Slash-It-main\\app\\features\\investments.jsx": {"path":"C:\\Users\\Egg\\Desktop\\Coding\\orbital\\Slash-It-main\\app\\features\\investments.jsx","statementMap":{"0":{"start":{"line":5,"column":4},"end":{"line":15,"column":5}},"1":{"start":{"line":10,"column":68},"end":{"line":10,"column":95}},"2":{"start":{"line":18,"column":15},"end":{"line":38,"column":1}}},"fnMap":{"0":{"name":"Investments","decl":{"start":{"line":4,"column":24},"end":{"line":4,"column":35}},"loc":{"start":{"line":4,"column":50},"end":{"line":16,"column":1}},"line":4},"1":{"name":"(anonymous_1)","decl":{"start":{"line":10,"column":62},"end":{"line":10,"column":63}},"loc":{"start":{"line":10,"column":68},"end":{"line":10,"column":95}},"line":10}},"branchMap":{},"s":{"0":1,"1":0,"2":1},"f":{"0":1,"1":0},"b":{},"_coverageSchema":"1a1c01bbd47fc00a2c39e90264f33305004495a9","hash":"2c6255a61cbdf7bfe7c620a64d6662c84cbcfdfd"}
,"C:\\Users\\Egg\\Desktop\\Coding\\orbital\\Slash-It-main\\app\\tabs\\home.jsx": {"path":"C:\\Users\\Egg\\Desktop\\Coding\\orbital\\Slash-It-main\\app\\tabs\\home.jsx","statementMap":{"0":{"start":{"line":8,"column":23},"end":{"line":15,"column":3}},"1":{"start":{"line":9,"column":4},"end":{"line":14,"column":5}},"2":{"start":{"line":10,"column":6},"end":{"line":10,"column":26}},"3":{"start":{"line":11,"column":6},"end":{"line":11,"column":35}},"4":{"start":{"line":13,"column":6},"end":{"line":13,"column":45}},"5":{"start":{"line":17,"column":2},"end":{"line":68,"column":4}},"6":{"start":{"line":45,"column":29},"end":{"line":45,"column":57}},"7":{"start":{"line":52,"column":29},"end":{"line":52,"column":67}},"8":{"start":{"line":71,"column":15},"end":{"line":163,"column":2}}},"fnMap":{"0":{"name":"Home","decl":{"start":{"line":7,"column":24},"end":{"line":7,"column":28}},"loc":{"start":{"line":7,"column":45},"end":{"line":69,"column":1}},"line":7},"1":{"name":"(anonymous_1)","decl":{"start":{"line":8,"column":23},"end":{"line":8,"column":24}},"loc":{"start":{"line":8,"column":35},"end":{"line":15,"column":3}},"line":8},"2":{"name":"(anonymous_2)","decl":{"start":{"line":45,"column":23},"end":{"line":45,"column":24}},"loc":{"start":{"line":45,"column":29},"end":{"line":45,"column":57}},"line":45},"3":{"name":"(anonymous_3)","decl":{"start":{"line":52,"column":23},"end":{"line":52,"column":24}},"loc":{"start":{"line":52,"column":29},"end":{"line":52,"column":67}},"line":52}},"branchMap":{},"s":{"0":8,"1":2,"2":2,"3":1,"4":1,"5":8,"6":1,"7":1,"8":1},"f":{"0":8,"1":2,"2":1,"3":1},"b":{},"_coverageSchema":"1a1c01bbd47fc00a2c39e90264f33305004495a9","hash":"3482c80157a02edbcbfa7c263165413e4adf4995"}
,"C:\\Users\\Egg\\Desktop\\Coding\\orbital\\Slash-It-main\\backend\\firebase.js": {"path":"C:\\Users\\Egg\\Desktop\\Coding\\orbital\\Slash-It-main\\backend\\firebase.js","statementMap":{"0":{"start":{"line":14,"column":23},"end":{"line":22,"column":1}},"1":{"start":{"line":25,"column":12},"end":{"line":25,"column":41}},"2":{"start":{"line":26,"column":13},"end":{"line":28,"column":2}}},"fnMap":{},"branchMap":{"0":{"loc":{"start":{"line":27,"column":17},"end":{"line":27,"column":106}},"type":"cond-expr","locations":[{"start":{"line":27,"column":41},"end":{"line":27,"column":64}},{"start":{"line":27,"column":67},"end":{"line":27,"column":106}}],"line":27}},"s":{"0":1,"1":1,"2":1},"f":{},"b":{"0":[0,1]},"_coverageSchema":"1a1c01bbd47fc00a2c39e90264f33305004495a9","hash":"4c23b8adc6a77e505cba139b951e1ffb36fb7926"}
}
