TN:
SF:app\features\bills.jsx
FN:10,Bills
FN:16,(anonymous_1)
FN:32,(anonymous_2)
FN:40,(anonymous_3)
FN:51,(anonymous_4)
FNF:5
FNH:1
FNDA:2,Bills
FNDA:0,(anonymous_1)
FNDA:0,(anonymous_2)
FNDA:0,(anonymous_3)
FNDA:0,(anonymous_4)
DA:12,2
DA:13,2
DA:14,2
DA:16,2
DA:18,0
DA:23,0
DA:24,0
DA:25,0
DA:28,2
DA:33,0
DA:41,0
DA:51,0
DA:66,1
LF:13
LH:6
BRDA:19,0,0,0
BRDA:19,0,1,0
BRF:2
BRH:0
end_of_record
TN:
SF:app\features\investments.jsx
FN:4,Investments
FN:10,(anonymous_1)
FNF:2
FNH:1
FNDA:1,Investments
FNDA:0,(anonymous_1)
DA:5,1
DA:10,0
DA:18,1
LF:3
LH:2
BRF:0
BRH:0
end_of_record
TN:
SF:app\tabs\home.jsx
FN:7,Home
FN:8,(anonymous_1)
FN:45,(anonymous_2)
FN:52,(anonymous_3)
FNF:4
FNH:4
FNDA:8,Home
FNDA:2,(anonymous_1)
FNDA:1,(anonymous_2)
FNDA:1,(anonymous_3)
DA:8,8
DA:9,2
DA:10,2
DA:11,1
DA:13,1
DA:17,8
DA:45,1
DA:52,1
DA:71,1
LF:9
LH:9
BRF:0
BRH:0
end_of_record
TN:
SF:backend\firebase.js
FNF:0
FNH:0
DA:14,1
DA:25,1
DA:26,1
LF:3
LH:3
BRDA:27,0,0,0
BRDA:27,0,1,1
BRF:2
BRH:1
end_of_record
